<?xml version="1.0" encoding="UTF-8"?>
<testng-results total="0" passed="0" failed="0" skipped="0">
  <reporter-output>
  </reporter-output>
  <suite started-at="2019-12-13T16:33:05Z" name="vn.cuong.jbenter.api.test.ApiTest" finished-at="2019-12-13T16:33:05Z" duration-ms="6">
    <groups>
    </groups>
    <test started-at="2019-12-13T16:33:05Z" name="Command line test" finished-at="2019-12-13T16:33:05Z" duration-ms="6">
    </test> <!-- Command line test -->
  </suite> <!-- vn.cuong.jbenter.api.test.ApiTest -->
</testng-results>
